<?xml version="1.0" encoding="UTF-8"?>
<!-- Generated by org.testng.reporters.JUnitReportReporter -->
<testsuite skipped="0" hostname="DESKTOP-HG4V99U" name="yandexTests.TestMoveToTrashAndRestoreFolderWithFile" tests="1" failures="0" timestamp="2019-11-01T14:36:04 MSK" time="26.263" errors="0">
  <testcase name="moveToTrashAndRestoreFolderWithFile" time="26.263" classname="yandexTests.TestMoveToTrashAndRestoreFolderWithFile"/>
</testsuite> <!-- yandexTests.TestMoveToTrashAndRestoreFolderWithFile -->
