<?xml version="1.0" encoding="UTF-8"?>
<!-- Generated by org.testng.reporters.JUnitReportReporter -->
<testsuite skipped="0" hostname="DESKTOP-HG4V99U" name="yandexTests.TestCreateFolderWithFileAndDeleteBoth" tests="1" failures="0" timestamp="2019-10-31T13:57:30 MSK" time="27.988" errors="0">
  <testcase name="createFolderWithFileAndDeleteBoth" time="27.988" classname="yandexTests.TestCreateFolderWithFileAndDeleteBoth"/>
</testsuite> <!-- yandexTests.TestCreateFolderWithFileAndDeleteBoth -->
