<?xml version="1.0" encoding="UTF-8"?>
<!-- Generated by org.testng.reporters.JUnitReportReporter -->
<testsuite skipped="0" hostname="DESKTOP-HG4V99U" name="yandexTests.TestGetUserDiskInfo" tests="1" failures="0" timestamp="2019-10-31T13:57:30 MSK" time="51.621" errors="0">
  <testcase name="getUserDiskInfo" time="51.621" classname="yandexTests.TestGetUserDiskInfo"/>
</testsuite> <!-- yandexTests.TestGetUserDiskInfo -->
