<?xml version="1.0" encoding="UTF-8"?>
<!-- Generated by org.testng.reporters.JUnitReportReporter -->
<testsuite skipped="0" hostname="DESKTOP-HG4V99U" name="yandexTests.TestCreateAndDeleteFolder" tests="1" failures="0" timestamp="2019-11-01T13:59:14 MSK" time="11.936" errors="0">
  <testcase name="createAndDeleteFolder" time="11.936" classname="yandexTests.TestCreateAndDeleteFolder"/>
</testsuite> <!-- yandexTests.TestCreateAndDeleteFolder -->
