<?xml version="1.0" encoding="UTF-8"?>
<!-- Generated by org.testng.reporters.JUnitReportReporter -->
<testsuite skipped="0" hostname="DESKTOP-HG4V99U" name="yandexTests.TestCreateAndDeleteFolder" tests="1" failures="0" timestamp="2019-10-31T12:08:33 MSK" time="7.775" errors="0">
  <testcase name="createAndDeleteFolder" time="7.775" classname="yandexTests.TestCreateAndDeleteFolder"/>
</testsuite> <!-- yandexTests.TestCreateAndDeleteFolder -->
