<?xml version="1.0" encoding="UTF-8"?>
<!-- Generated by org.testng.reporters.JUnitReportReporter -->
<testsuite skipped="0" hostname="DESKTOP-HG4V99U" name="yandexTests.TestEmbeddedFolders2" tests="1" failures="0" timestamp="2019-10-31T13:57:30 MSK" time="17.749" errors="0">
  <testcase name="embeddedFolders2" time="17.749" classname="yandexTests.TestEmbeddedFolders2"/>
</testsuite> <!-- yandexTests.TestEmbeddedFolders2 -->
