<?xml version="1.0" encoding="UTF-8"?>
<!-- Generated by org.testng.reporters.JUnitReportReporter -->
<testsuite skipped="0" hostname="DESKTOP-HG4V99U" name="yandexTests.TestEmbeddedFolders1" tests="1" failures="0" timestamp="2019-11-01T14:36:04 MSK" time="11.731" errors="0">
  <testcase name="embeddedFolders1" time="11.731" classname="yandexTests.TestEmbeddedFolders1"/>
</testsuite> <!-- yandexTests.TestEmbeddedFolders1 -->
