<?xml version="1.0" encoding="UTF-8"?>
<!-- Generated by org.testng.reporters.JUnitReportReporter -->
<testsuite skipped="0" hostname="DESKTOP-HG4V99U" name="yandexTests.TestEmbeddedFolders2" tests="1" failures="0" timestamp="2019-11-01T14:36:04 MSK" time="11.552" errors="0">
  <testcase name="embeddedFolders2" time="11.552" classname="yandexTests.TestEmbeddedFolders2"/>
</testsuite> <!-- yandexTests.TestEmbeddedFolders2 -->
