<?xml version="1.0" encoding="UTF-8"?>
<!-- Generated by org.testng.reporters.JUnitReportReporter -->
<testsuite skipped="0" hostname="DESKTOP-HG4V99U" name="yandexTests.TestCreateFolderWithFileAndDeleteBoth" tests="1" failures="0" timestamp="2019-11-01T14:36:04 MSK" time="21.726" errors="0">
  <testcase name="createFolderWithFileAndDeleteBoth" time="21.726" classname="yandexTests.TestCreateFolderWithFileAndDeleteBoth"/>
</testsuite> <!-- yandexTests.TestCreateFolderWithFileAndDeleteBoth -->
