<?xml version="1.0" encoding="UTF-8"?>
<!-- Generated by org.testng.reporters.JUnitReportReporter -->
<testsuite skipped="0" hostname="DESKTOP-HG4V99U" name="yandexTests.TestCreateAndDeleteFolder" tests="1" failures="0" timestamp="2019-10-31T13:57:30 MSK" time="7.716" errors="0">
  <testcase name="createAndDeleteFolder" time="7.716" classname="yandexTests.TestCreateAndDeleteFolder"/>
</testsuite> <!-- yandexTests.TestCreateAndDeleteFolder -->
