<?xml version="1.0" encoding="UTF-8"?>
<!-- Generated by org.testng.reporters.JUnitReportReporter -->
<testsuite skipped="0" hostname="DESKTOP-HG4V99U" name="yandexTests.TestGetUserDiskInfo" tests="1" failures="0" timestamp="2019-11-01T13:59:14 MSK" time="40.527" errors="0">
  <testcase name="getUserDiskInfo" time="40.527" classname="yandexTests.TestGetUserDiskInfo"/>
</testsuite> <!-- yandexTests.TestGetUserDiskInfo -->
